<?xml version="1.0" encoding="UTF-8"?>
<!-- Generated by org.testng.reporters.JUnitXMLReporter -->
<testsuite hostname="Mark-PC" ignored="0" name="Test1" tests="5" failures="0" timestamp="2019-10-29T23:34:19 GMT+02:00" time="0.126" errors="0">
  <testcase name="FinalTest" time="0.016" classname="testpackage.day1"/>
  <testcase name="FirstTest" time="0.0" classname="testpackage.day1"/>
  <testcase name="SecondTest" time="0.0" classname="testpackage.day2"/>
  <testcase name="APILogin" time="0.0" classname="testpackage.day3"/>
  <testcase name="MobileLogin" time="0.0" classname="testpackage.day3"/>
</testsuite> <!-- Test1 -->
