<?xml version="1.0" encoding="UTF-8"?>
<testng-results skipped="0" failed="0" ignored="0" total="5" passed="5">
  <reporter-output>
  </reporter-output>
  <suite name="Suite" duration-ms="126" started-at="2019-10-29T23:34:19 GMT+02:00" finished-at="2019-10-29T23:34:19 GMT+02:00">
    <groups>
      <group name="Smoke">
        <method signature="day2.SecondTest()[pri:0, instance:testpackage.day2@2ac273d3]" name="SecondTest" class="testpackage.day2"/>
        <method signature="day3.MobileLogin()[pri:0, instance:testpackage.day3@20398b7c]" name="MobileLogin" class="testpackage.day3"/>
      </group> <!-- Smoke -->
    </groups>
    <test name="Test1" duration-ms="126" started-at="2019-10-29T23:34:19 GMT+02:00" finished-at="2019-10-29T23:34:19 GMT+02:00">
      <class name="testpackage.day1">
        <test-method status="PASS" signature="FinalTest()[pri:0, instance:testpackage.day1@71423665]" name="FinalTest" duration-ms="16" started-at="2019-10-29T23:34:19 GMT+02:00" finished-at="2019-10-29T23:34:19 GMT+02:00">
          <reporter-output>
          </reporter-output>
        </test-method> <!-- FinalTest -->
        <test-method status="PASS" signature="FirstTest()[pri:0, instance:testpackage.day1@71423665]" name="FirstTest" duration-ms="0" started-at="2019-10-29T23:34:19 GMT+02:00" finished-at="2019-10-29T23:34:19 GMT+02:00">
          <reporter-output>
          </reporter-output>
        </test-method> <!-- FirstTest -->
      </class> <!-- testpackage.day1 -->
      <class name="testpackage.day3">
        <test-method status="PASS" signature="APILogin()[pri:0, instance:testpackage.day3@20398b7c]" name="APILogin" duration-ms="0" started-at="2019-10-29T23:34:19 GMT+02:00" finished-at="2019-10-29T23:34:19 GMT+02:00">
          <reporter-output>
          </reporter-output>
        </test-method> <!-- APILogin -->
        <test-method status="PASS" signature="WebLogin()[pri:0, instance:testpackage.day3@20398b7c]" name="WebLogin" is-config="true" duration-ms="0" started-at="2019-10-29T23:34:19 GMT+02:00" finished-at="2019-10-29T23:34:19 GMT+02:00">
          <reporter-output>
          </reporter-output>
        </test-method> <!-- WebLogin -->
        <test-method status="PASS" signature="MobileLogin()[pri:0, instance:testpackage.day3@20398b7c]" name="MobileLogin" duration-ms="0" started-at="2019-10-29T23:34:19 GMT+02:00" finished-at="2019-10-29T23:34:19 GMT+02:00">
          <reporter-output>
          </reporter-output>
        </test-method> <!-- MobileLogin -->
      </class> <!-- testpackage.day3 -->
      <class name="testpackage.day2">
        <test-method status="PASS" signature="prerequistes()[pri:0, instance:testpackage.day2@2ac273d3]" name="prerequistes" is-config="true" duration-ms="16" started-at="2019-10-29T23:34:19 GMT+02:00" finished-at="2019-10-29T23:34:19 GMT+02:00">
          <reporter-output>
          </reporter-output>
        </test-method> <!-- prerequistes -->
        <test-method status="PASS" signature="SecondTest()[pri:0, instance:testpackage.day2@2ac273d3]" name="SecondTest" duration-ms="0" started-at="2019-10-29T23:34:19 GMT+02:00" finished-at="2019-10-29T23:34:19 GMT+02:00">
          <reporter-output>
          </reporter-output>
        </test-method> <!-- SecondTest -->
      </class> <!-- testpackage.day2 -->
    </test> <!-- Test1 -->
  </suite> <!-- Suite -->
</testng-results>
